<?xml version="1.0" encoding="UTF-8"?>
<!-- Generated by org.testng.reporters.JUnitXMLReporter -->
<testsuite ignored="0" hostname="AymanHussein" failures="0" tests="11" name="Default test" time="59.983" errors="0" timestamp="2025-10-02T20:06:23 CDT">
  <testcase classname="test.LoginTest" name="validatUserNameEmptyMSG" time="0.595"/>
  <testcase classname="test.LoginTest" name="validatPasswordEmptyMSG" time="0.778"/>
  <testcase classname="test.LoginTest" name="validatWrongusernametoLogin" time="0.865"/>
  <testcase classname="test.LoginTest" name="validatWrongpasswordtoLogin" time="0.841"/>
  <testcase classname="test.LoginTest" name="validatusershouldtoLogin" time="0.756"/>
  <testcase classname="test.LoginTest" name="LoginUsingDifRole" time="0.489"/>
  <testcase classname="test.LoginTest" name="LoginUsingDifRole" time="0.541"/>
  <testcase classname="test.LoginTest" name="LoginUsingDifRole" time="0.482"/>
  <testcase classname="test.LoginTest" name="LoginUsingDifRole" time="0.467"/>
  <testcase classname="test.LoginTest" name="LoginUsingDifRole" time="0.446"/>
  <testcase classname="test.LoginTest" name="LoginUsingDifRole" time="0.497"/>
</testsuite> <!-- Default test -->
