<?xml version="1.0" encoding="UTF-8"?>
<!-- Generated by org.testng.reporters.JUnitXMLReporter -->
<testsuite ignored="0" hostname="AymanHussein" failures="0" tests="15" name="Test" time="141.883" errors="0" timestamp="2025-10-02T20:27:26 CDT">
  <testcase classname="test.CartTest" name="CustomerShouldgotoCartPage" time="17.744"/>
  <testcase classname="test.ProductTest" name="CustomerShouldAddItemstoCart" time="1.529"/>
  <testcase classname="test.ProductTest" name="CustomerShouldLoginThenLogOut" time="1.033"/>
  <testcase classname="test.LoginTest" name="validatUserNameEmptyMSG" time="0.7"/>
  <testcase classname="test.LoginTest" name="validatPasswordEmptyMSG" time="0.731"/>
  <testcase classname="test.LoginTest" name="validatWrongusernametoLogin" time="0.826"/>
  <testcase classname="test.LoginTest" name="validatWrongpasswordtoLogin" time="0.799"/>
  <testcase classname="test.LoginTest" name="validatusershouldtoLogin" time="0.889"/>
  <testcase classname="test.LoginTest" name="LoginUsingDifRole" time="0.462"/>
  <testcase classname="test.LoginTest" name="LoginUsingDifRole" time="0.556"/>
  <testcase classname="test.LoginTest" name="LoginUsingDifRole" time="0.484"/>
  <testcase classname="test.LoginTest" name="LoginUsingDifRole" time="0.511"/>
  <testcase classname="test.LoginTest" name="LoginUsingDifRole" time="0.455"/>
  <testcase classname="test.LoginTest" name="LoginUsingDifRole" time="0.448"/>
  <testcase classname="test.CheckoutTest" name="CustomerShouldCheckout" time="20.839"/>
</testsuite> <!-- Test -->
